#
# There is insufficient memory for the Java Runtime Environment to continue.
# Native memory allocation (malloc) failed to allocate 425197568 bytes for committing reserved memory.
# Possible reasons:
#   The system is out of physical RAM or swap space
#   In 32 bit mode, the process size limit was hit
# Possible solutions:
#   Reduce memory load on the system
#   Increase physical memory or swap space
#   Check if swap backing store is full
#   Use 64 bit Java on a 64 bit OS
#   Decrease Java heap size (-Xmx/-Xms)
#   Decrease number of Java threads
#   Decrease Java thread stack sizes (-Xss)
#   Set larger code cache with -XX:ReservedCodeCacheSize=
# This output file may be truncated or incomplete.
#
#  Out of Memory Error (os_linux.cpp:2798), pid=4085, tid=140206495536896
#
# JRE version: OpenJDK Runtime Environment (7.0_65-b32) (build 1.7.0_65-b32)
# Java VM: OpenJDK 64-Bit Server VM (24.65-b04 mixed mode linux-amd64 compressed oops)
# Derivative: IcedTea 2.5.3
# Distribution: Ubuntu 14.04 LTS, package 7u71-2.5.3-0ubuntu0.14.04.1
# Failed to write core dump. Core dumps have been disabled. To enable core dumping, try "ulimit -c unlimited" before starting Java again
#

---------------  T H R E A D  ---------------

Current thread (0x00007f8468071000):  VMThread [stack: 0x00007f845e4c9000,0x00007f845e5ca000] [id=4095]

Stack: [0x00007f845e4c9000,0x00007f845e5ca000],  sp=0x00007f845e5c8490,  free space=1021k
Native frames: (J=compiled Java code, j=interpreted, Vv=VM code, C=native code)
V  [libjvm.so+0x948b05]  VMError::report_and_die()+0x175
V  [libjvm.so+0x48bc34]  report_vm_out_of_memory(char const*, int, unsigned long, char const*)+0x74
V  [libjvm.so+0x7c7bfb]  os::pd_commit_memory(char*, unsigned long, unsigned long, bool)+0xeb
V  [libjvm.so+0x7c26bf]  os::commit_memory(char*, unsigned long, unsigned long, bool)+0x1f
V  [libjvm.so+0x833e4b]  PSVirtualSpace::expand_by(unsigned long)+0x5b
V  [libjvm.so+0x823b9b]  PSOldGen::expand_by(unsigned long) [clone .part.80]+0x1b
V  [libjvm.so+0x823d5b]  PSOldGen::expand(unsigned long) [clone .part.81]+0xdb
V  [libjvm.so+0x824c88]  PSOldGen::resize(unsigned long)+0x188
V  [libjvm.so+0x82bd54]  PSParallelCompact::invoke_no_policy(bool)+0x9c4
V  [libjvm.so+0x831f8d]  PSScavenge::invoke()+0x17d
V  [libjvm.so+0x7e8823]  ParallelScavengeHeap::failed_mem_allocate(unsigned long)+0x63
V  [libjvm.so+0x94a504]  VM_ParallelGCFailedAllocation::doit()+0x84
V  [libjvm.so+0x94e9f7]  VM_Operation::evaluate()+0x47
V  [libjvm.so+0x94d368]  VMThread::evaluate_operation(VM_Operation*)+0x318
V  [libjvm.so+0x94d7c9]  VMThread::loop()+0x219
V  [libjvm.so+0x94dc12]  VMThread::run()+0x72
V  [libjvm.so+0x7c4ac2]  java_start(Thread*)+0xf2

VM_Operation (0x00007f846e75d730): ParallelGCFailedAllocation, mode: safepoint, requested by thread 0x00007f846800a000


---------------  P R O C E S S  ---------------

Java Threads: ( => current thread )
  0x00007f84680ad000 JavaThread "Service Thread" daemon [_thread_blocked, id=4101, stack(0x00007f845d7e0000,0x00007f845d8e1000)]
  0x00007f84680aa800 JavaThread "C2 CompilerThread1" daemon [_thread_blocked, id=4100, stack(0x00007f845d8e1000,0x00007f845d9e2000)]
  0x00007f84680a7800 JavaThread "C2 CompilerThread0" daemon [_thread_blocked, id=4099, stack(0x00007f845d9e2000,0x00007f845dae3000)]
  0x00007f84680a5800 JavaThread "Signal Dispatcher" daemon [_thread_blocked, id=4098, stack(0x00007f845dae3000,0x00007f845dbe4000)]
  0x00007f8468077000 JavaThread "Finalizer" daemon [_thread_blocked, id=4097, stack(0x00007f845e2c7000,0x00007f845e3c8000)]
  0x00007f8468075000 JavaThread "Reference Handler" daemon [_thread_blocked, id=4096, stack(0x00007f845e3c8000,0x00007f845e4c9000)]
  0x00007f846800a000 JavaThread "main" [_thread_blocked, id=4088, stack(0x00007f846e65e000,0x00007f846e75f000)]

Other Threads:
=>0x00007f8468071000 VMThread [stack: 0x00007f845e4c9000,0x00007f845e5ca000] [id=4095]
  0x00007f84680b7800 WatcherThread [stack: 0x00007f845d6df000,0x00007f845d7e0000] [id=4102]

VM state:at safepoint (normal execution)

VM Mutex/Monitor currently owned by a thread:  ([mutex/lock_event])
[0x00007f8468005d00] ExpandHeap_lock - owner thread: 0x00007f8468071000
[0x00007f8468006380] Threads_lock - owner thread: 0x00007f8468071000
[0x00007f8468006880] Heap_lock - owner thread: 0x00007f846800a000

Heap
 PSYoungGen      total 402432K, used 223014K [0x00000007d6c80000, 0x00000007fe100000, 0x0000000800000000)
  eden space 177664K, 0% used [0x00000007d6c80000,0x00000007d6c80000,0x00000007e1a00000)
  from space 224768K, 99% used [0x00000007ef580000,0x00000007fcf49800,0x00000007fd100000)
  to   space 224768K, 0% used [0x00000007e1a00000,0x00000007e1a00000,0x00000007ef580000)
 ParOldGen       total 821248K, used 821246K [0x0000000784600000, 0x00000007b6800000, 0x00000007d6c80000)
  object space 821248K, 99% used [0x0000000784600000,0x00000007b67ffb18,0x00000007b6800000)
 PSPermGen       total 21504K, used 3562K [0x000000077a000000, 0x000000077b500000, 0x0000000784600000)
  object space 21504K, 16% used [0x000000077a000000,0x000000077a37ab00,0x000000077b500000)

Card table byte_map: [0x00007f8463d4b000,0x00007f846417c000] byte_map_base: 0x00007f846017b000

Polling page: 0x00007f846e780000

Code Cache  [0x00007f846417c000, 0x00007f84643ec000, 0x00007f846717c000)
 total_blobs=205 nmethods=15 adapters=145 free_code_cache=48749Kb largest_free_block=49904896

Compilation events (10 events):
Event: 3,319 Thread 0x00007f84680a7800   11             java.util.LinkedList::checkElementIndex (22 bytes)
Event: 3,320 Thread 0x00007f84680a7800 nmethod 11 0x00007f84641e0450 code [0x00007f84641e0580, 0x00007f84641e05f8]
Event: 3,320 Thread 0x00007f84680a7800   12             java.util.LinkedList::isElementIndex (18 bytes)
Event: 3,320 Thread 0x00007f84680a7800 nmethod 12 0x00007f84641e0250 code [0x00007f84641e0380, 0x00007f84641e03f8]
Event: 3,320 Thread 0x00007f84680a7800   13             java.util.LinkedList::add (32 bytes)
Event: 3,325 Thread 0x00007f84680aa800   14             java.util.LinkedList::linkBefore (63 bytes)
Event: 3,327 Thread 0x00007f84680aa800 nmethod 14 0x00007f84641dfe90 code [0x00007f84641dffe0, 0x00007f84641e0138]
Event: 3,333 Thread 0x00007f84680aa800   15 %           jeu.PartieDeCartes::decalerListedesJoueurs @ 16 (62 bytes)
Event: 3,343 Thread 0x00007f84680a7800 nmethod 13 0x00007f84641df810 code [0x00007f84641df980, 0x00007f84641dfc28]
Event: 3,419 Thread 0x00007f84680aa800 nmethod 15% 0x00007f84641e17d0 code [0x00007f84641e1980, 0x00007f84641e1f98]

GC Heap History (10 events):
Event: 55,638 GC heap after
Heap after GC invocations=12 (full 3):
 PSYoungGen      total 316416K, used 214528K [0x00000007d6c80000, 0x00000007fac00000, 0x0000000800000000)
  eden space 101888K, 0% used [0x00000007d6c80000,0x00000007d6c80000,0x00000007dd000000)
  from space 214528K, 100% used [0x00000007dd000000,0x00000007ea180000,0x00000007ea180000)
  to   space 224768K, 0% used [0x00000007ed080000,0x00000007ed080000,0x00000007fac00000)
 ParOldGen       total 505856K, used 456916K [0x0000000784600000, 0x00000007a3400000, 0x00000007d6c80000)
  object space 505856K, 90% used [0x0000000784600000,0x00000007a04350f8,0x00000007a3400000)
 PSPermGen       total 21504K, used 3562K [0x000000077a000000, 0x000000077b500000, 0x0000000784600000)
  object space 21504K, 16% used [0x000000077a000000,0x000000077a37ab00,0x000000077b500000)
}
Event: 55,638 GC heap before
{Heap before GC invocations=13 (full 4):
 PSYoungGen      total 316416K, used 214528K [0x00000007d6c80000, 0x00000007fac00000, 0x0000000800000000)
  eden space 101888K, 0% used [0x00000007d6c80000,0x00000007d6c80000,0x00000007dd000000)
  from space 214528K, 100% used [0x00000007dd000000,0x00000007ea180000,0x00000007ea180000)
  to   space 224768K, 0% used [0x00000007ed080000,0x00000007ed080000,0x00000007fac00000)
 ParOldGen       total 505856K, used 456916K [0x0000000784600000, 0x00000007a3400000, 0x00000007d6c80000)
  object space 505856K, 90% used [0x0000000784600000,0x00000007a04350f8,0x00000007a3400000)
 PSPermGen       total 21504K, used 3562K [0x000000077a000000, 0x000000077b500000, 0x0000000784600000)
  object space 21504K, 16% used [0x000000077a000000,0x000000077a37ab00,0x000000077b500000)
Event: 99,155 GC heap after
Heap after GC invocations=13 (full 4):
 PSYoungGen      total 316416K, used 164703K [0x00000007d6c80000, 0x00000007fac00000, 0x0000000800000000)
  eden space 101888K, 0% used [0x00000007d6c80000,0x00000007d6c80000,0x00000007dd000000)
  from space 214528K, 76% used [0x00000007dd000000,0x00000007e70d7c00,0x00000007ea180000)
  to   space 224768K, 0% used [0x00000007ed080000,0x00000007ed080000,0x00000007fac00000)
 ParOldGen       total 803840K, used 505800K [0x0000000784600000, 0x00000007b5700000, 0x00000007d6c80000)
  object space 803840K, 62% used [0x0000000784600000,0x00000007a33f23b0,0x00000007b5700000)
 PSPermGen       total 21504K, used 3562K [0x000000077a000000, 0x000000077b500000, 0x0000000784600000)
  object space 21504K, 16% used [0x000000077a000000,0x000000077a37ab00,0x000000077b500000)
}
Event: 99,698 GC heap before
{Heap before GC invocations=14 (full 4):
 PSYoungGen      total 316416K, used 266591K [0x00000007d6c80000, 0x00000007fac00000, 0x0000000800000000)
  eden space 101888K, 100% used [0x00000007d6c80000,0x00000007dd000000,0x00000007dd000000)
  from space 214528K, 76% used [0x00000007dd000000,0x00000007e70d7c00,0x00000007ea180000)
  to   space 224768K, 0% used [0x00000007ed080000,0x00000007ed080000,0x00000007fac00000)
 ParOldGen       total 803840K, used 505800K [0x0000000784600000, 0x00000007b5700000, 0x00000007d6c80000)
  object space 803840K, 62% used [0x0000000784600000,0x00000007a33f23b0,0x00000007b5700000)
 PSPermGen       total 21504K, used 3562K [0x000000077a000000, 0x000000077b500000, 0x0000000784600000)
  object space 21504K, 16% used [0x000000077a000000,0x000000077a37ab00,0x000000077b500000)
Event: 104,519 GC heap after
Heap after GC invocations=14 (full 4):
 PSYoungGen      total 356864K, used 224768K [0x00000007d6c80000, 0x00000007fac00000, 0x0000000800000000)
  eden space 132096K, 0% used [0x00000007d6c80000,0x00000007d6c80000,0x00000007ded80000)
  from space 224768K, 100% used [0x00000007ed080000,0x00000007fac00000,0x00000007fac00000)
  to   space 224768K, 0% used [0x00000007df500000,0x00000007df500000,0x00000007ed080000)
 ParOldGen       total 803840K, used 548008K [0x0000000784600000, 0x00000007b5700000, 0x00000007d6c80000)
  object space 803840K, 68% used [0x0000000784600000,0x00000007a5d2a3b0,0x00000007b5700000)
 PSPermGen       total 21504K, used 3562K [0x000000077a000000, 0x000000077b500000, 0x0000000784600000)
  object space 21504K, 16% used [0x000000077a000000,0x000000077a37ab00,0x000000077b500000)
}
Event: 105,116 GC heap before
{Heap before GC invocations=15 (full 4):
 PSYoungGen      total 356864K, used 356864K [0x00000007d6c80000, 0x00000007fac00000, 0x0000000800000000)
  eden space 132096K, 100% used [0x00000007d6c80000,0x00000007ded80000,0x00000007ded80000)
  from space 224768K, 100% used [0x00000007ed080000,0x00000007fac00000,0x00000007fac00000)
  to   space 224768K, 0% used [0x00000007df500000,0x00000007df500000,0x00000007ed080000)
 ParOldGen       total 803840K, used 548008K [0x0000000784600000, 0x00000007b5700000, 0x00000007d6c80000)
  object space 803840K, 68% used [0x0000000784600000,0x00000007a5d2a3b0,0x00000007b5700000)
 PSPermGen       total 21504K, used 3562K [0x000000077a000000, 0x000000077b500000, 0x0000000784600000)
  object space 21504K, 16% used [0x000000077a000000,0x000000077a37ab00,0x000000077b500000)
Event: 108,107 GC heap after
Heap after GC invocations=15 (full 4):
 PSYoungGen      total 364544K, used 224768K [0x00000007d6c80000, 0x00000007fd100000, 0x0000000800000000)
  eden space 139776K, 0% used [0x00000007d6c80000,0x00000007d6c80000,0x00000007df500000)
  from space 224768K, 100% used [0x00000007df500000,0x00000007ed080000,0x00000007ed080000)
  to   space 224768K, 0% used [0x00000007ef580000,0x00000007ef580000,0x00000007fd100000)
 ParOldGen       total 803840K, used 680624K [0x0000000784600000, 0x00000007b5700000, 0x00000007d6c80000)
  object space 803840K, 84% used [0x0000000784600000,0x00000007adeac3b0,0x00000007b5700000)
 PSPermGen       total 21504K, used 3562K [0x000000077a000000, 0x000000077b500000, 0x0000000784600000)
  object space 21504K, 16% used [0x000000077a000000,0x000000077a37ab00,0x000000077b500000)
}
Event: 108,698 GC heap before
{Heap before GC invocations=16 (full 4):
 PSYoungGen      total 364544K, used 364544K [0x00000007d6c80000, 0x00000007fd100000, 0x0000000800000000)
  eden space 139776K, 100% used [0x00000007d6c80000,0x00000007df500000,0x00000007df500000)
  from space 224768K, 100% used [0x00000007df500000,0x00000007ed080000,0x00000007ed080000)
  to   space 224768K, 0% used [0x00000007ef580000,0x00000007ef580000,0x00000007fd100000)
 ParOldGen       total 803840K, used 680624K [0x0000000784600000, 0x00000007b5700000, 0x00000007d6c80000)
  object space 803840K, 84% used [0x0000000784600000,0x00000007adeac3b0,0x00000007b5700000)
 PSPermGen       total 21504K, used 3562K [0x000000077a000000, 0x000000077b500000, 0x0000000784600000)
  object space 21504K, 16% used [0x000000077a000000,0x000000077a37ab00,0x000000077b500000)
Event: 112,349 GC heap after
Heap after GC invocations=16 (full 4):
 PSYoungGen      total 402432K, used 224768K [0x00000007d6c80000, 0x00000007fe100000, 0x0000000800000000)
  eden space 177664K, 0% used [0x00000007d6c80000,0x00000007d6c80000,0x00000007e1a00000)
  from space 224768K, 100% used [0x00000007ef580000,0x00000007fd100000,0x00000007fd100000)
  to   space 224768K, 0% used [0x00000007e1a00000,0x00000007e1a00000,0x00000007ef580000)
 ParOldGen       total 821248K, used 820960K [0x0000000784600000, 0x00000007b6800000, 0x00000007d6c80000)
  object space 821248K, 99% used [0x0000000784600000,0x00000007b67b83b0,0x00000007b6800000)
 PSPermGen       total 21504K, used 3562K [0x000000077a000000, 0x000000077b500000, 0x0000000784600000)
  object space 21504K, 16% used [0x000000077a000000,0x000000077a37ab00,0x000000077b500000)
}
Event: 112,349 GC heap before
{Heap before GC invocations=17 (full 5):
 PSYoungGen      total 402432K, used 224768K [0x00000007d6c80000, 0x00000007fe100000, 0x0000000800000000)
  eden space 177664K, 0% used [0x00000007d6c80000,0x00000007d6c80000,0x00000007e1a00000)
  from space 224768K, 100% used [0x00000007ef580000,0x00000007fd100000,0x00000007fd100000)
  to   space 224768K, 0% used [0x00000007e1a00000,0x00000007e1a00000,0x00000007ef580000)
 ParOldGen       total 821248K, used 820960K [0x0000000784600000, 0x00000007b6800000, 0x00000007d6c80000)
  object space 821248K, 99% used [0x0000000784600000,0x00000007b67b83b0,0x00000007b6800000)
 PSPermGen       total 21504K, used 3562K [0x000000077a000000, 0x000000077b500000, 0x0000000784600000)
  object space 21504K, 16% used [0x000000077a000000,0x000000077a37ab00,0x000000077b500000)

Deoptimization events (0 events):
No events

Internal exceptions (10 events):
Event: 0,602 Thread 0x00007f846800a000 Threw 0x00000007d6cfb668 at /build/buildd/openjdk-7-7u71-2.5.3/build/openjdk/hotspot/src/share/vm/prims/jvm.cpp:1284
Event: 0,602 Thread 0x00007f846800a000 Threw 0x00000007d6cfb790 at /build/buildd/openjdk-7-7u71-2.5.3/build/openjdk/hotspot/src/share/vm/prims/jvm.cpp:1284
Event: 3,153 Thread 0x00007f846800a000 Threw 0x00000007d6d173f0 at /build/buildd/openjdk-7-7u71-2.5.3/build/openjdk/hotspot/src/share/vm/prims/jvm.cpp:1284
Event: 3,157 Thread 0x00007f846800a000 Threw 0x00000007d6d1a998 at /build/buildd/openjdk-7-7u71-2.5.3/build/openjdk/hotspot/src/share/vm/prims/jvm.cpp:1284
Event: 3,158 Thread 0x00007f846800a000 Threw 0x00000007d6d1ece8 at /build/buildd/openjdk-7-7u71-2.5.3/build/openjdk/hotspot/src/share/vm/prims/jvm.cpp:1284
Event: 3,159 Thread 0x00007f846800a000 Threw 0x00000007d6d215b0 at /build/buildd/openjdk-7-7u71-2.5.3/build/openjdk/hotspot/src/share/vm/prims/jvm.cpp:1284
Event: 3,160 Thread 0x00007f846800a000 Threw 0x00000007d6d24008 at /build/buildd/openjdk-7-7u71-2.5.3/build/openjdk/hotspot/src/share/vm/prims/jvm.cpp:1284
Event: 3,161 Thread 0x00007f846800a000 Threw 0x00000007d6d26c98 at /build/buildd/openjdk-7-7u71-2.5.3/build/openjdk/hotspot/src/share/vm/prims/jvm.cpp:1284
Event: 3,162 Thread 0x00007f846800a000 Threw 0x00000007d6d29140 at /build/buildd/openjdk-7-7u71-2.5.3/build/openjdk/hotspot/src/share/vm/prims/jvm.cpp:1284
Event: 3,170 Thread 0x00007f846800a000 Threw 0x00000007d6d2b628 at /build/buildd/openjdk-7-7u71-2.5.3/build/openjdk/hotspot/src/share/vm/prims/jvm.cpp:1284

Events (10 events):
Event: 49,274 Executing VM operation: ParallelGCFailedAllocation done
Event: 49,708 Executing VM operation: ParallelGCFailedAllocation
Event: 52,184 Executing VM operation: ParallelGCFailedAllocation done
Event: 52,737 Executing VM operation: ParallelGCFailedAllocation
Event: 99,155 Executing VM operation: ParallelGCFailedAllocation done
Event: 99,697 Executing VM operation: ParallelGCFailedAllocation
Event: 104,519 Executing VM operation: ParallelGCFailedAllocation done
Event: 105,116 Executing VM operation: ParallelGCFailedAllocation
Event: 108,107 Executing VM operation: ParallelGCFailedAllocation done
Event: 108,697 Executing VM operation: ParallelGCFailedAllocation


Dynamic libraries:
00400000-00401000 r-xp 00000000 08:05 2761857                            /usr/lib/jvm/java-7-openjdk-amd64/jre/bin/java
00600000-00601000 r--p 00000000 08:05 2761857                            /usr/lib/jvm/java-7-openjdk-amd64/jre/bin/java
00601000-00602000 rw-p 00001000 08:05 2761857                            /usr/lib/jvm/java-7-openjdk-amd64/jre/bin/java
01464000-01485000 rw-p 00000000 00:00 0                                  [heap]
77a000000-77b500000 rw-p 00000000 00:00 0 
77b500000-784600000 rw-p 00000000 00:00 0 
784600000-7b6800000 rw-p 00000000 00:00 0 
7cfd80000-7d6c80000 rw-p 00000000 00:00 0 
7d6c80000-7fe100000 rw-p 00000000 00:00 0 
7fe100000-800000000 rw-p 00000000 00:00 0 
7f8430000000-7f8430021000 rw-p 00000000 00:00 0 
7f8430021000-7f8434000000 ---p 00000000 00:00 0 
7f8438000000-7f84380de000 rw-p 00000000 00:00 0 
7f84380de000-7f843c000000 ---p 00000000 00:00 0 
7f843c000000-7f843c021000 rw-p 00000000 00:00 0 
7f843c021000-7f8440000000 ---p 00000000 00:00 0 
7f8440000000-7f8440021000 rw-p 00000000 00:00 0 
7f8440021000-7f8444000000 ---p 00000000 00:00 0 
7f8444000000-7f84440d5000 rw-p 00000000 00:00 0 
7f84440d5000-7f8448000000 ---p 00000000 00:00 0 
7f8448000000-7f8448021000 rw-p 00000000 00:00 0 
7f8448021000-7f844c000000 ---p 00000000 00:00 0 
7f844c000000-7f844c021000 rw-p 00000000 00:00 0 
7f844c021000-7f8450000000 ---p 00000000 00:00 0 
7f8450000000-7f8450021000 rw-p 00000000 00:00 0 
7f8450021000-7f8454000000 ---p 00000000 00:00 0 
7f8454000000-7f8454021000 rw-p 00000000 00:00 0 
7f8454021000-7f8458000000 ---p 00000000 00:00 0 
7f8458000000-7f8458021000 rw-p 00000000 00:00 0 
7f8458021000-7f845c000000 ---p 00000000 00:00 0 
7f845d4a5000-7f845d6df000 rw-p 00000000 00:00 0 
7f845d6df000-7f845d6e0000 ---p 00000000 00:00 0 
7f845d6e0000-7f845d7e0000 rw-p 00000000 00:00 0                          [stack:4102]
7f845d7e0000-7f845d7e3000 ---p 00000000 00:00 0 
7f845d7e3000-7f845d8e1000 rw-p 00000000 00:00 0                          [stack:4101]
7f845d8e1000-7f845d8e4000 ---p 00000000 00:00 0 
7f845d8e4000-7f845d9e2000 rw-p 00000000 00:00 0                          [stack:4100]
7f845d9e2000-7f845d9e5000 ---p 00000000 00:00 0 
7f845d9e5000-7f845dae3000 rw-p 00000000 00:00 0                          [stack:4099]
7f845dae3000-7f845dae6000 ---p 00000000 00:00 0 
7f845dae6000-7f845dbe4000 rw-p 00000000 00:00 0                          [stack:4098]
7f845dbe4000-7f845e2c7000 r--p 00000000 08:05 2760621                    /usr/lib/locale/locale-archive
7f845e2c7000-7f845e2ca000 ---p 00000000 00:00 0 
7f845e2ca000-7f845e3c8000 rw-p 00000000 00:00 0                          [stack:4097]
7f845e3c8000-7f845e3cb000 ---p 00000000 00:00 0 
7f845e3cb000-7f845e4c9000 rw-p 00000000 00:00 0                          [stack:4096]
7f845e4c9000-7f845e4ca000 ---p 00000000 00:00 0 
7f845e4ca000-7f845ef5e000 rw-p 00000000 00:00 0                          [stack:4095]
7f845ef5e000-7f845f10f000 r--s 01d25000 08:05 2761676                    /usr/lib/jvm/java-7-openjdk-amd64/jre/lib/rt.jar
7f845f10f000-7f84638b5000 rw-p 00000000 00:00 0 
7f84638b5000-7f84638b6000 ---p 00000000 00:00 0 
7f84638b6000-7f84639b6000 rw-p 00000000 00:00 0                          [stack:4093]
7f84639b6000-7f84639b7000 ---p 00000000 00:00 0 
7f84639b7000-7f8463c48000 rw-p 00000000 00:00 0                          [stack:4092]
7f8463c48000-7f8463d4b000 rw-p 00000000 00:00 0 
7f8463d4b000-7f8463d56000 rw-p 00000000 00:00 0 
7f8463d56000-7f8463d9e000 rw-p 00000000 00:00 0 
7f8463d9e000-7f8463f2f000 rw-p 00000000 00:00 0 
7f8463f2f000-7f8464031000 rw-p 00000000 00:00 0 
7f8464031000-7f846416c000 rw-p 00000000 00:00 0 
7f846416c000-7f846417b000 rw-p 00000000 00:00 0 
7f846417b000-7f846417c000 rw-p 00000000 00:00 0 
7f846417c000-7f84643ec000 rwxp 00000000 00:00 0 
7f84643ec000-7f846717c000 rw-p 00000000 00:00 0 
7f846717c000-7f8467184000 r-xp 00000000 08:05 2761566                    /usr/lib/jvm/java-7-openjdk-amd64/jre/lib/amd64/libzip.so
7f8467184000-7f8467383000 ---p 00008000 08:05 2761566                    /usr/lib/jvm/java-7-openjdk-amd64/jre/lib/amd64/libzip.so
7f8467383000-7f8467384000 r--p 00007000 08:05 2761566                    /usr/lib/jvm/java-7-openjdk-amd64/jre/lib/amd64/libzip.so
7f8467384000-7f8467385000 rw-p 00008000 08:05 2761566                    /usr/lib/jvm/java-7-openjdk-amd64/jre/lib/amd64/libzip.so
7f8467385000-7f8467390000 r-xp 00000000 08:05 1190404                    /lib/x86_64-linux-gnu/libnss_files-2.19.so
7f8467390000-7f846758f000 ---p 0000b000 08:05 1190404                    /lib/x86_64-linux-gnu/libnss_files-2.19.so
7f846758f000-7f8467590000 r--p 0000a000 08:05 1190404                    /lib/x86_64-linux-gnu/libnss_files-2.19.so
7f8467590000-7f8467591000 rw-p 0000b000 08:05 1190404                    /lib/x86_64-linux-gnu/libnss_files-2.19.so
7f8467591000-7f846759c000 r-xp 00000000 08:05 1190411                    /lib/x86_64-linux-gnu/libnss_nis-2.19.so
7f846759c000-7f846779b000 ---p 0000b000 08:05 1190411                    /lib/x86_64-linux-gnu/libnss_nis-2.19.so
7f846779b000-7f846779c000 r--p 0000a000 08:05 1190411                    /lib/x86_64-linux-gnu/libnss_nis-2.19.so
7f846779c000-7f846779d000 rw-p 0000b000 08:05 1190411                    /lib/x86_64-linux-gnu/libnss_nis-2.19.so
7f846779d000-7f84677b4000 r-xp 00000000 08:05 1190397                    /lib/x86_64-linux-gnu/libnsl-2.19.so
7f84677b4000-7f84679b3000 ---p 00017000 08:05 1190397                    /lib/x86_64-linux-gnu/libnsl-2.19.so
7f84679b3000-7f84679b4000 r--p 00016000 08:05 1190397                    /lib/x86_64-linux-gnu/libnsl-2.19.so
7f84679b4000-7f84679b5000 rw-p 00017000 08:05 1190397                    /lib/x86_64-linux-gnu/libnsl-2.19.so
7f84679b5000-7f84679b7000 rw-p 00000000 00:00 0 
7f84679b7000-7f84679c0000 r-xp 00000000 08:05 1190408                    /lib/x86_64-linux-gnu/libnss_compat-2.19.so
7f84679c0000-7f8467bbf000 ---p 00009000 08:05 1190408                    /lib/x86_64-linux-gnu/libnss_compat-2.19.so
7f8467bbf000-7f8467bc0000 r--p 00008000 08:05 1190408                    /lib/x86_64-linux-gnu/libnss_compat-2.19.so
7f8467bc0000-7f8467bc1000 rw-p 00009000 08:05 1190408                    /lib/x86_64-linux-gnu/libnss_compat-2.19.so
7f8467bc1000-7f8467bec000 r-xp 00000000 08:05 2761573                    /usr/lib/jvm/java-7-openjdk-amd64/jre/lib/amd64/libjava.so
7f8467bec000-7f8467deb000 ---p 0002b000 08:05 2761573                    /usr/lib/jvm/java-7-openjdk-amd64/jre/lib/amd64/libjava.so
7f8467deb000-7f8467dec000 r--p 0002a000 08:05 2761573                    /usr/lib/jvm/java-7-openjdk-amd64/jre/lib/amd64/libjava.so
7f8467dec000-7f8467dee000 rw-p 0002b000 08:05 2761573                    /usr/lib/jvm/java-7-openjdk-amd64/jre/lib/amd64/libjava.so
7f8467dee000-7f8467dfe000 r-xp 00000000 08:05 2761589                    /usr/lib/jvm/java-7-openjdk-amd64/jre/lib/amd64/libverify.so
7f8467dfe000-7f8467ffd000 ---p 00010000 08:05 2761589                    /usr/lib/jvm/java-7-openjdk-amd64/jre/lib/amd64/libverify.so
7f8467ffd000-7f8467fff000 r--p 0000f000 08:05 2761589                    /usr/lib/jvm/java-7-openjdk-amd64/jre/lib/amd64/libverify.so
7f8467fff000-7f8468000000 rw-p 00011000 08:05 2761589                    /usr/lib/jvm/java-7-openjdk-amd64/jre/lib/amd64/libverify.so
7f8468000000-7f8468138000 rw-p 00000000 00:00 0 
7f8468138000-7f846c000000 ---p 00000000 00:00 0 
7f846c009000-7f846c0e2000 rw-p 00000000 00:00 0 
7f846c0e2000-7f846c12a000 rw-p 00000000 00:00 0 
7f846c12a000-7f846c131000 r-xp 00000000 08:05 1190414                    /lib/x86_64-linux-gnu/librt-2.19.so
7f846c131000-7f846c330000 ---p 00007000 08:05 1190414                    /lib/x86_64-linux-gnu/librt-2.19.so
7f846c330000-7f846c331000 r--p 00006000 08:05 1190414                    /lib/x86_64-linux-gnu/librt-2.19.so
7f846c331000-7f846c332000 rw-p 00007000 08:05 1190414                    /lib/x86_64-linux-gnu/librt-2.19.so
7f846c332000-7f846c348000 r-xp 00000000 08:05 1183723                    /lib/x86_64-linux-gnu/libgcc_s.so.1
7f846c348000-7f846c547000 ---p 00016000 08:05 1183723                    /lib/x86_64-linux-gnu/libgcc_s.so.1
7f846c547000-7f846c548000 rw-p 00015000 08:05 1183723                    /lib/x86_64-linux-gnu/libgcc_s.so.1
7f846c548000-7f846c64d000 r-xp 00000000 08:05 1190396                    /lib/x86_64-linux-gnu/libm-2.19.so
7f846c64d000-7f846c84c000 ---p 00105000 08:05 1190396                    /lib/x86_64-linux-gnu/libm-2.19.so
7f846c84c000-7f846c84d000 r--p 00104000 08:05 1190396                    /lib/x86_64-linux-gnu/libm-2.19.so
7f846c84d000-7f846c84e000 rw-p 00105000 08:05 1190396                    /lib/x86_64-linux-gnu/libm-2.19.so
7f846c84e000-7f846c934000 r-xp 00000000 08:05 2762703                    /usr/lib/x86_64-linux-gnu/libstdc++.so.6.0.19
7f846c934000-7f846cb33000 ---p 000e6000 08:05 2762703                    /usr/lib/x86_64-linux-gnu/libstdc++.so.6.0.19
7f846cb33000-7f846cb3b000 r--p 000e5000 08:05 2762703                    /usr/lib/x86_64-linux-gnu/libstdc++.so.6.0.19
7f846cb3b000-7f846cb3d000 rw-p 000ed000 08:05 2762703                    /usr/lib/x86_64-linux-gnu/libstdc++.so.6.0.19
7f846cb3d000-7f846cb52000 rw-p 00000000 00:00 0 
7f846cb52000-7f846d668000 r-xp 00000000 08:05 2761596                    /usr/lib/jvm/java-7-openjdk-amd64/jre/lib/amd64/server/libjvm.so
7f846d668000-7f846d867000 ---p 00b16000 08:05 2761596                    /usr/lib/jvm/java-7-openjdk-amd64/jre/lib/amd64/server/libjvm.so
7f846d867000-7f846d901000 r--p 00b15000 08:05 2761596                    /usr/lib/jvm/java-7-openjdk-amd64/jre/lib/amd64/server/libjvm.so
7f846d901000-7f846d924000 rw-p 00baf000 08:05 2761596                    /usr/lib/jvm/java-7-openjdk-amd64/jre/lib/amd64/server/libjvm.so
7f846d924000-7f846d952000 rw-p 00000000 00:00 0 
7f846d952000-7f846d96a000 r-xp 00000000 08:05 1183909                    /lib/x86_64-linux-gnu/libz.so.1.2.8
7f846d96a000-7f846db69000 ---p 00018000 08:05 1183909                    /lib/x86_64-linux-gnu/libz.so.1.2.8
7f846db69000-7f846db6a000 r--p 00017000 08:05 1183909                    /lib/x86_64-linux-gnu/libz.so.1.2.8
7f846db6a000-7f846db6b000 rw-p 00018000 08:05 1183909                    /lib/x86_64-linux-gnu/libz.so.1.2.8
7f846db6b000-7f846db84000 r-xp 00000000 08:05 1190401                    /lib/x86_64-linux-gnu/libpthread-2.19.so
7f846db84000-7f846dd83000 ---p 00019000 08:05 1190401                    /lib/x86_64-linux-gnu/libpthread-2.19.so
7f846dd83000-7f846dd84000 r--p 00018000 08:05 1190401                    /lib/x86_64-linux-gnu/libpthread-2.19.so
7f846dd84000-7f846dd85000 rw-p 00019000 08:05 1190401                    /lib/x86_64-linux-gnu/libpthread-2.19.so
7f846dd85000-7f846dd89000 rw-p 00000000 00:00 0 
7f846dd89000-7f846dd8c000 r-xp 00000000 08:05 1190406                    /lib/x86_64-linux-gnu/libdl-2.19.so
7f846dd8c000-7f846df8b000 ---p 00003000 08:05 1190406                    /lib/x86_64-linux-gnu/libdl-2.19.so
7f846df8b000-7f846df8c000 r--p 00002000 08:05 1190406                    /lib/x86_64-linux-gnu/libdl-2.19.so
7f846df8c000-7f846df8d000 rw-p 00003000 08:05 1190406                    /lib/x86_64-linux-gnu/libdl-2.19.so
7f846df8d000-7f846e148000 r-xp 00000000 08:05 1190412                    /lib/x86_64-linux-gnu/libc-2.19.so
7f846e148000-7f846e348000 ---p 001bb000 08:05 1190412                    /lib/x86_64-linux-gnu/libc-2.19.so
7f846e348000-7f846e34c000 r--p 001bb000 08:05 1190412                    /lib/x86_64-linux-gnu/libc-2.19.so
7f846e34c000-7f846e34e000 rw-p 001bf000 08:05 1190412                    /lib/x86_64-linux-gnu/libc-2.19.so
7f846e34e000-7f846e353000 rw-p 00000000 00:00 0 
7f846e353000-7f846e360000 r-xp 00000000 08:05 2761571                    /usr/lib/jvm/java-7-openjdk-amd64/jre/lib/amd64/jli/libjli.so
7f846e360000-7f846e55f000 ---p 0000d000 08:05 2761571                    /usr/lib/jvm/java-7-openjdk-amd64/jre/lib/amd64/jli/libjli.so
7f846e55f000-7f846e560000 r--p 0000c000 08:05 2761571                    /usr/lib/jvm/java-7-openjdk-amd64/jre/lib/amd64/jli/libjli.so
7f846e560000-7f846e561000 rw-p 0000d000 08:05 2761571                    /usr/lib/jvm/java-7-openjdk-amd64/jre/lib/amd64/jli/libjli.so
7f846e561000-7f846e584000 r-xp 00000000 08:05 1190409                    /lib/x86_64-linux-gnu/ld-2.19.so
7f846e59a000-7f846e59e000 r--s 00034000 08:05 2761674                    /usr/lib/jvm/java-7-openjdk-amd64/jre/lib/ext/sunjce_provider.jar
7f846e59e000-7f846e5a8000 rw-p 00000000 00:00 0 
7f846e5a8000-7f846e65e000 rw-p 00000000 00:00 0 
7f846e65e000-7f846e661000 ---p 00000000 00:00 0 
7f846e661000-7f846e764000 rw-p 00000000 00:00 0                          [stack:4088]
7f846e766000-7f846e767000 rw-p 00000000 00:00 0 
7f846e767000-7f846e769000 r--s 00012000 08:05 2761671                    /usr/lib/jvm/java-7-openjdk-amd64/jre/lib/ext/zipfs.jar
7f846e769000-7f846e76b000 r--s 00006000 08:05 3149789                    /usr/share/java/java-atk-wrapper.jar
7f846e76b000-7f846e76e000 r--s 0000f000 08:05 2761670                    /usr/lib/jvm/java-7-openjdk-amd64/jre/lib/ext/icedtea-sound.jar
7f846e76e000-7f846e772000 r--s 0003c000 08:05 2761672                    /usr/lib/jvm/java-7-openjdk-amd64/jre/lib/ext/sunpkcs11.jar
7f846e772000-7f846e776000 r--s 00085000 08:05 2761673                    /usr/lib/jvm/java-7-openjdk-amd64/jre/lib/ext/localedata.jar
7f846e776000-7f846e777000 r--s 00002000 08:05 2761675                    /usr/lib/jvm/java-7-openjdk-amd64/jre/lib/ext/dnsns.jar
7f846e777000-7f846e77f000 rw-s 00000000 08:05 795097                     /tmp/hsperfdata_hagard/4085
7f846e77f000-7f846e780000 rw-p 00000000 00:00 0 
7f846e780000-7f846e781000 ---p 00000000 00:00 0 
7f846e781000-7f846e783000 rw-p 00000000 00:00 0 
7f846e783000-7f846e784000 r--p 00022000 08:05 1190409                    /lib/x86_64-linux-gnu/ld-2.19.so
7f846e784000-7f846e785000 rw-p 00023000 08:05 1190409                    /lib/x86_64-linux-gnu/ld-2.19.so
7f846e785000-7f846e786000 rw-p 00000000 00:00 0 
7ffff9cd1000-7ffff9cf2000 rw-p 00000000 00:00 0                          [stack]
7ffff9dad000-7ffff9daf000 r-xp 00000000 00:00 0                          [vdso]
ffffffffff600000-ffffffffff601000 r-xp 00000000 00:00 0                  [vsyscall]

VM Arguments:
jvm_args: -Dfile.encoding=UTF-8 
java_command: jeu.PartieDeCartes
Launcher Type: SUN_STANDARD

Environment Variables:
PATH=/usr/local/sbin:/usr/local/bin:/usr/sbin:/usr/bin:/sbin:/bin:/usr/games:/usr/local/games
SHELL=/bin/bash
DISPLAY=:0.0

Signal Handlers:
SIGSEGV: [libjvm.so+0x9495e0], sa_mask[0]=0x7ffbfeff, sa_flags=0x10000004
SIGBUS: [libjvm.so+0x9495e0], sa_mask[0]=0x7ffbfeff, sa_flags=0x10000004
SIGFPE: [libjvm.so+0x7c3410], sa_mask[0]=0x7ffbfeff, sa_flags=0x10000004
SIGPIPE: [libjvm.so+0x7c3410], sa_mask[0]=0x7ffbfeff, sa_flags=0x10000004
SIGXFSZ: [libjvm.so+0x7c3410], sa_mask[0]=0x7ffbfeff, sa_flags=0x10000004
SIGILL: [libjvm.so+0x7c3410], sa_mask[0]=0x7ffbfeff, sa_flags=0x10000004
SIGUSR1: SIG_DFL, sa_mask[0]=0x00000000, sa_flags=0x00000000
SIGUSR2: [libjvm.so+0x7c32b0], sa_mask[0]=0x00000004, sa_flags=0x10000004
SIGHUP: [libjvm.so+0x7c3490], sa_mask[0]=0x7ffbfeff, sa_flags=0x10000004
SIGINT: [libjvm.so+0x7c3490], sa_mask[0]=0x7ffbfeff, sa_flags=0x10000004
SIGTERM: [libjvm.so+0x7c3490], sa_mask[0]=0x7ffbfeff, sa_flags=0x10000004
SIGQUIT: [libjvm.so+0x7c3490], sa_mask[0]=0x7ffbfeff, sa_flags=0x10000004
SIGTRAP: SIG_DFL, sa_mask[0]=0x00000000, sa_flags=0x00000000


---------------  S Y S T E M  ---------------

OS:Ubuntu 14.04 (trusty)
uname:Linux 3.13.0-39-generic #66-Ubuntu SMP Tue Oct 28 13:30:27 UTC 2014 x86_64
libc:glibc 2.19 NPTL 2.19 
rlimit: STACK 8192k, CORE 0k, NPROC 63080, NOFILE 4096, AS infinity
load average:8,77 5,18 2,55

/proc/meminfo:
MemTotal:        8095896 kB
MemFree:          125468 kB
Buffers:           14224 kB
Cached:           607180 kB
SwapCached:            0 kB
Active:          7307208 kB
Inactive:         459416 kB
Active(anon):    7147444 kB
Inactive(anon):   297276 kB
Active(file):     159764 kB
Inactive(file):   162140 kB
Unevictable:           0 kB
Mlocked:               0 kB
SwapTotal:             0 kB
SwapFree:              0 kB
Dirty:               172 kB
Writeback:             0 kB
AnonPages:       7145240 kB
Mapped:           267976 kB
Shmem:            299480 kB
Slab:              71440 kB
SReclaimable:      42012 kB
SUnreclaim:        29428 kB
KernelStack:        5600 kB
PageTables:        46172 kB
NFS_Unstable:          0 kB
Bounce:                0 kB
WritebackTmp:          0 kB
CommitLimit:     4047948 kB
Committed_AS:   12968724 kB
VmallocTotal:   34359738367 kB
VmallocUsed:      355280 kB
VmallocChunk:   34359373500 kB
HardwareCorrupted:     0 kB
AnonHugePages:   5963776 kB
HugePages_Total:       0
HugePages_Free:        0
HugePages_Rsvd:        0
HugePages_Surp:        0
Hugepagesize:       2048 kB
DirectMap4k:       74488 kB
DirectMap2M:     2990080 kB
DirectMap1G:     5242880 kB


CPU:total 2 (2 cores per cpu, 1 threads per core) family 6 model 60 stepping 3, cmov, cx8, fxsr, mmx, sse, sse2, sse3, ssse3, sse4.1, sse4.2, popcnt, erms, tsc, tscinvbit

/proc/cpuinfo:
processor	: 0
vendor_id	: GenuineIntel
cpu family	: 6
model		: 60
model name	: Intel(R) Pentium(R) CPU 3550M @ 2.30GHz
stepping	: 3
microcode	: 0x17
cpu MHz		: 1400.000
cache size	: 2048 KB
physical id	: 0
siblings	: 2
core id		: 0
cpu cores	: 2
apicid		: 0
initial apicid	: 0
fpu		: yes
fpu_exception	: yes
cpuid level	: 13
wp		: yes
flags		: fpu vme de pse tsc msr pae mce cx8 apic sep mtrr pge mca cmov pat pse36 clflush dts acpi mmx fxsr sse sse2 ss ht tm pbe syscall nx pdpe1gb rdtscp lm constant_tsc arch_perfmon pebs bts rep_good nopl xtopology nonstop_tsc aperfmperf eagerfpu pni pclmulqdq dtes64 monitor ds_cpl vmx est tm2 ssse3 cx16 xtpr pdcm pcid sse4_1 sse4_2 movbe popcnt tsc_deadline_timer xsave rdrand lahf_lm abm arat epb xsaveopt pln pts dtherm tpr_shadow vnmi flexpriority ept vpid fsgsbase tsc_adjust erms invpcid
bogomips	: 4589.10
clflush size	: 64
cache_alignment	: 64
address sizes	: 39 bits physical, 48 bits virtual
power management:

processor	: 1
vendor_id	: GenuineIntel
cpu family	: 6
model		: 60
model name	: Intel(R) Pentium(R) CPU 3550M @ 2.30GHz
stepping	: 3
microcode	: 0x17
cpu MHz		: 1400.000
cache size	: 2048 KB
physical id	: 0
siblings	: 2
core id		: 1
cpu cores	: 2
apicid		: 2
initial apicid	: 2
fpu		: yes
fpu_exception	: yes
cpuid level	: 13
wp		: yes
flags		: fpu vme de pse tsc msr pae mce cx8 apic sep mtrr pge mca cmov pat pse36 clflush dts acpi mmx fxsr sse sse2 ss ht tm pbe syscall nx pdpe1gb rdtscp lm constant_tsc arch_perfmon pebs bts rep_good nopl xtopology nonstop_tsc aperfmperf eagerfpu pni pclmulqdq dtes64 monitor ds_cpl vmx est tm2 ssse3 cx16 xtpr pdcm pcid sse4_1 sse4_2 movbe popcnt tsc_deadline_timer xsave rdrand lahf_lm abm arat epb xsaveopt pln pts dtherm tpr_shadow vnmi flexpriority ept vpid fsgsbase tsc_adjust erms invpcid
bogomips	: 4589.10
clflush size	: 64
cache_alignment	: 64
address sizes	: 39 bits physical, 48 bits virtual
power management:



Memory: 4k page, physical 8095896k(125468k free), swap 0k(0k free)

vm_info: OpenJDK 64-Bit Server VM (24.65-b04) for linux-amd64 JRE (1.7.0_65-b32), built on Oct 22 2014 04:37:44 by "buildd" with gcc 4.8.2

time: Tue Dec  9 20:44:18 2014
elapsed time: 168 seconds

