#
# A fatal error has been detected by the Java Runtime Environment:
#
#  SIGSEGV (0xb) at pc=0x00007fca000ad669, pid=4034, tid=140505573328704
#
# JRE version: OpenJDK Runtime Environment (7.0_65-b32) (build 1.7.0_65-b32)
# Java VM: OpenJDK 64-Bit Server VM (24.65-b04 mixed mode linux-amd64 compressed oops)
# Derivative: IcedTea 2.5.3
# Distribution: Ubuntu 14.04 LTS, package 7u71-2.5.3-0ubuntu0.14.04.1
# Problematic frame:
# C  [libpthread.so.0+0x9669]  pthread_join+0xa9
#
# Failed to write core dump. Core dumps have been disabled. To enable core dumping, try "ulimit -c unlimited" before starting Java again
#
# If you would like to submit a bug report, please include
# instructions on how to reproduce the bug and visit:
#   http://icedtea.classpath.org/bugzilla
#

---------------  T H R E A D  ---------------

Current thread is native thread

siginfo:si_signo=SIGSEGV: si_errno=0, si_code=0 (SEGV0), si_addr=0x000003e80000118c

Registers:
RAX=0x00000000000000ca, RBX=0x00007fca00c97700, RCX=0xffffffffffffffff, RDX=0x0000000000000fc7
RSP=0x00007fff235c05a0, RBP=0x00007fca00c98740, RSI=0x0000000000000000, RDI=0x00007fca00c979d0
R8 =0x0000000000000000, R9 =0x00007fca00c97700, R10=0x0000000000000000, R11=0x0000000000000246
R12=0x00007fca00c97d28, R13=0x00007fff235c0608, R14=0x00007fff235c05a0, R15=0x0000000000000001
RIP=0x00007fca000ad669, EFLAGS=0x0000000000000246, CSGSFS=0x0000000000000033, ERR=0x0000000000000004
  TRAPNO=0x000000000000000e

Top of Stack: (sp=0x00007fff235c05a0)
0x00007fff235c05a0:   00007fca000ad5a0 00007fca00c97d28
0x00007fff235c05b0:   0000000000000000 0000000000000000
0x00007fff235c05c0:   00007fca00c979d0 00007fff235c0610
0x00007fff235c05d0:   00007fff235c0670 00007fca0088eac0
0x00007fff235c05e0:   00007fff235c06a0 0000000000100000
0x00007fff235c05f0:   0000000000000001 00007fca008959d5
0x00007fff235c0600:   00007fca00c97700 00007fff235c6836
0x00007fff235c0610:   0000000000000000 0000000000000000
0x00007fff235c0620:   0000000000001000 0000000000000000
0x00007fff235c0630:   0000000000100000 0000000000000000
0x00007fff235c0640:   0000000000000000 6043b3fb7500e300
0x00007fff235c0650:   00007fff235c07a0 0000000000000000
0x00007fff235c0660:   00007fff235c06a0 0000000001278338
0x00007fff235c0670:   00007fff235c0720 00007fca008904f7
0x00007fff235c0680:   0000000000000000 00007fff235c6836
0x00007fff235c0690:   0000000000000001 0000000000000000
0x00007fff235c06a0:   0000000000000000 0000000001278338
0x00007fff235c06b0:   0000000000000001 00007fff235c6836
0x00007fff235c06c0:   00007fc9ff693580 00007fc9ff693530
0x00007fff235c06d0:   00007fc9ff693820 0000000000000000
0x00007fff235c06e0:   0000000000000000 0000000000000000
0x00007fff235c06f0:   0000000000000000 0000000000000000
0x00007fff235c0700:   0000000000000000 00007fff235c6836
0x00007fff235c0710:   0000000001278338 0000000000000000
0x00007fff235c0720:   00007fff235c4820 00007fca00891044
0x00007fff235c0730:   00007fff00000000 0000000000001000
0x00007fff235c0740:   0000000100000000 0000000001278010
0x00007fff235c0750:   0000000000000000 0000000000000000
0x00007fff235c0760:   0000000000000000 0000000000000000
0x00007fff235c0770:   0000000001278320 00007fff235c07a0
0x00007fff235c0780:   0000000001278338 0000000000000001
0x00007fff235c0790:   0000000000000000 0000000000000000 

Instructions: (pc=0x00007fca000ad669)
0x00007fca000ad649:   00 8b 8b d0 02 00 00 85 c9 89 ca 74 1a 48 8d bb
0x00007fca000ad659:   d0 02 00 00 31 f6 4d 31 d2 48 c7 c0 ca 00 00 00
0x00007fca000ad669:   0f 05 83 3f 00 75 f2 44 89 c7 e8 08 58 00 00 31
0x00007fca000ad679:   f6 4c 89 f7 e8 ee 53 00 00 4d 85 ed c7 83 d0 02 

Register to memory mapping:

RAX=0x00000000000000ca is an unknown value
RBX=0x00007fca00c97700 is pointing into the stack for thread: 0x00007fc9f800a000
RCX=0xffffffffffffffff is an unknown value
RDX=0x0000000000000fc7 is an unknown value
RSP=0x00007fff235c05a0 is an unknown value
RBP=0x00007fca00c98740 is an unknown value
RSI=0x0000000000000000 is an unknown value
RDI=0x00007fca00c979d0 is pointing into the stack for thread: 0x00007fc9f800a000
R8 =0x0000000000000000 is an unknown value
R9 =0x00007fca00c97700 is pointing into the stack for thread: 0x00007fc9f800a000
R10=0x0000000000000000 is an unknown value
R11=0x0000000000000246 is an unknown value
R12=0x00007fca00c97d28 is pointing into the stack for thread: 0x00007fc9f800a000
R13=0x00007fff235c0608 is an unknown value
R14=0x00007fff235c05a0 is an unknown value
R15=0x0000000000000001 is an unknown value


Stack: [0x00007fff234c7000,0x00007fff235c7000],  sp=0x00007fff235c05a0,  free space=997k
Native frames: (J=compiled Java code, j=interpreted, Vv=VM code, C=native code)
C  [libpthread.so.0+0x9669]  pthread_join+0xa9


---------------  P R O C E S S  ---------------

VM state:at safepoint (normal execution)

VM Mutex/Monitor currently owned by a thread:  ([mutex/lock_event])
[0x00007fc9f8006380] Threads_lock - owner thread: 0x00007fc9f8071000
[0x00007fc9f8006880] Heap_lock - owner thread: 0x00007fc9f800a000

Heap
 PSYoungGen      total 428032K, used 232593K [0x00000007d6c80000, 0x00000007ff500000, 0x0000000800000000)
  eden space 214528K, 100% used [0x00000007d6c80000,0x00000007e3e00000,0x00000007e3e00000)
  from space 213504K, 8% used [0x00000007f2480000,0x00000007f36244d0,0x00000007ff500000)
  to   space 224768K, 0% used [0x00000007e3e00000,0x00000007e3e00000,0x00000007f1980000)
 ParOldGen       total 1350144K, used 1350119K [0x0000000784600000, 0x00000007d6c80000, 0x00000007d6c80000)
  object space 1350144K, 99% used [0x0000000784600000,0x00000007d6c79d48,0x00000007d6c80000)
 PSPermGen       total 21504K, used 3562K [0x000000077a000000, 0x000000077b500000, 0x0000000784600000)
  object space 21504K, 16% used [0x000000077a000000,0x000000077a37aa90,0x000000077b500000)

Card table byte_map: [0x00007fc9fd3ae000,0x00007fc9fd7df000] byte_map_base: 0x00007fc9f97de000

Polling page: 0x00007fca00cb9000

Code Cache  [0x00007fc9f5000000, 0x00007fc9f5270000, 0x00007fc9f8000000)
 total_blobs=205 nmethods=15 adapters=145 free_code_cache=48749Kb largest_free_block=49904896

Compilation events (10 events):
Event: 3,488 Thread 0x00007fc9f80aa800   11             java.util.LinkedList::checkElementIndex (22 bytes)
Event: 3,489 Thread 0x00007fc9f80aa800 nmethod 11 0x00007fc9f5064450 code [0x00007fc9f5064580, 0x00007fc9f50645f8]
Event: 3,489 Thread 0x00007fc9f80aa800   12             java.util.LinkedList::isElementIndex (18 bytes)
Event: 3,489 Thread 0x00007fc9f80aa800 nmethod 12 0x00007fc9f5064250 code [0x00007fc9f5064380, 0x00007fc9f50643f8]
Event: 3,489 Thread 0x00007fc9f80aa800   13             java.util.LinkedList::add (32 bytes)
Event: 3,497 Thread 0x00007fc9f80a7800   14             java.util.LinkedList::linkBefore (63 bytes)
Event: 3,499 Thread 0x00007fc9f80a7800 nmethod 14 0x00007fc9f5063e90 code [0x00007fc9f5063fe0, 0x00007fc9f5064138]
Event: 3,502 Thread 0x00007fc9f80a7800   15 %           jeu.PartieDeCartes::decalerListedesJoueurs @ 16 (62 bytes)
Event: 3,514 Thread 0x00007fc9f80aa800 nmethod 13 0x00007fc9f5063810 code [0x00007fc9f5063980, 0x00007fc9f5063c28]
Event: 3,563 Thread 0x00007fc9f80a7800 nmethod 15% 0x00007fc9f50657d0 code [0x00007fc9f5065980, 0x00007fc9f5065f98]

GC Heap History (10 events):
Event: 4385,148 GC heap after
Heap after GC invocations=257 (full 243):
 PSYoungGen      total 428032K, used 232593K [0x00000007d6c80000, 0x00000007ff500000, 0x0000000800000000)
  eden space 214528K, 99% used [0x00000007d6c80000,0x00000007e3dffff0,0x00000007e3e00000)
  from space 213504K, 8% used [0x00000007f2480000,0x00000007f36244d0,0x00000007ff500000)
  to   space 224768K, 0% used [0x00000007e3e00000,0x00000007e3e00000,0x00000007f1980000)
 ParOldGen       total 1350144K, used 1350111K [0x0000000784600000, 0x00000007d6c80000, 0x00000007d6c80000)
  object space 1350144K, 99% used [0x0000000784600000,0x00000007d6c77f48,0x00000007d6c80000)
 PSPermGen       total 21504K, used 3562K [0x000000077a000000, 0x000000077b500000, 0x0000000784600000)
  object space 21504K, 16% used [0x000000077a000000,0x000000077a37aa90,0x000000077b500000)
}
Event: 4385,159 GC heap before
{Heap before GC invocations=258 (full 244):
 PSYoungGen      total 428032K, used 232593K [0x00000007d6c80000, 0x00000007ff500000, 0x0000000800000000)
  eden space 214528K, 99% used [0x00000007d6c80000,0x00000007e3dffff0,0x00000007e3e00000)
  from space 213504K, 8% used [0x00000007f2480000,0x00000007f36244d0,0x00000007ff500000)
  to   space 224768K, 0% used [0x00000007e3e00000,0x00000007e3e00000,0x00000007f1980000)
 ParOldGen       total 1350144K, used 1350113K [0x0000000784600000, 0x00000007d6c80000, 0x00000007d6c80000)
  object space 1350144K, 99% used [0x0000000784600000,0x00000007d6c78548,0x00000007d6c80000)
 PSPermGen       total 21504K, used 3562K [0x000000077a000000, 0x000000077b500000, 0x0000000784600000)
  object space 21504K, 16% used [0x000000077a000000,0x000000077a37aa90,0x000000077b500000)
Event: 4392,803 GC heap after
Heap after GC invocations=258 (full 244):
 PSYoungGen      total 428032K, used 232593K [0x00000007d6c80000, 0x00000007ff500000, 0x0000000800000000)
  eden space 214528K, 99% used [0x00000007d6c80000,0x00000007e3dffff0,0x00000007e3e00000)
  from space 213504K, 8% used [0x00000007f2480000,0x00000007f36244d0,0x00000007ff500000)
  to   space 224768K, 0% used [0x00000007e3e00000,0x00000007e3e00000,0x00000007f1980000)
 ParOldGen       total 1350144K, used 1350113K [0x0000000784600000, 0x00000007d6c80000, 0x00000007d6c80000)
  object space 1350144K, 99% used [0x0000000784600000,0x00000007d6c78548,0x00000007d6c80000)
 PSPermGen       total 21504K, used 3562K [0x000000077a000000, 0x000000077b500000, 0x0000000784600000)
  object space 21504K, 16% used [0x000000077a000000,0x000000077a37aa90,0x000000077b500000)
}
Event: 4392,804 GC heap before
{Heap before GC invocations=259 (full 245):
 PSYoungGen      total 428032K, used 232593K [0x00000007d6c80000, 0x00000007ff500000, 0x0000000800000000)
  eden space 214528K, 99% used [0x00000007d6c80000,0x00000007e3dffff0,0x00000007e3e00000)
  from space 213504K, 8% used [0x00000007f2480000,0x00000007f36244d0,0x00000007ff500000)
  to   space 224768K, 0% used [0x00000007e3e00000,0x00000007e3e00000,0x00000007f1980000)
 ParOldGen       total 1350144K, used 1350114K [0x0000000784600000, 0x00000007d6c80000, 0x00000007d6c80000)
  object space 1350144K, 99% used [0x0000000784600000,0x00000007d6c78b48,0x00000007d6c80000)
 PSPermGen       total 21504K, used 3562K [0x000000077a000000, 0x000000077b500000, 0x0000000784600000)
  object space 21504K, 16% used [0x000000077a000000,0x000000077a37aa90,0x000000077b500000)
Event: 4401,421 GC heap after
Heap after GC invocations=259 (full 245):
 PSYoungGen      total 428032K, used 232593K [0x00000007d6c80000, 0x00000007ff500000, 0x0000000800000000)
  eden space 214528K, 99% used [0x00000007d6c80000,0x00000007e3dffff0,0x00000007e3e00000)
  from space 213504K, 8% used [0x00000007f2480000,0x00000007f36244d0,0x00000007ff500000)
  to   space 224768K, 0% used [0x00000007e3e00000,0x00000007e3e00000,0x00000007f1980000)
 ParOldGen       total 1350144K, used 1350114K [0x0000000784600000, 0x00000007d6c80000, 0x00000007d6c80000)
  object space 1350144K, 99% used [0x0000000784600000,0x00000007d6c78b48,0x00000007d6c80000)
 PSPermGen       total 21504K, used 3562K [0x000000077a000000, 0x000000077b500000, 0x0000000784600000)
  object space 21504K, 16% used [0x000000077a000000,0x000000077a37aa90,0x000000077b500000)
}
Event: 4401,421 GC heap before
{Heap before GC invocations=260 (full 246):
 PSYoungGen      total 428032K, used 232593K [0x00000007d6c80000, 0x00000007ff500000, 0x0000000800000000)
  eden space 214528K, 99% used [0x00000007d6c80000,0x00000007e3dffff0,0x00000007e3e00000)
  from space 213504K, 8% used [0x00000007f2480000,0x00000007f36244d0,0x00000007ff500000)
  to   space 224768K, 0% used [0x00000007e3e00000,0x00000007e3e00000,0x00000007f1980000)
 ParOldGen       total 1350144K, used 1350116K [0x0000000784600000, 0x00000007d6c80000, 0x00000007d6c80000)
  object space 1350144K, 99% used [0x0000000784600000,0x00000007d6c79148,0x00000007d6c80000)
 PSPermGen       total 21504K, used 3562K [0x000000077a000000, 0x000000077b500000, 0x0000000784600000)
  object space 21504K, 16% used [0x000000077a000000,0x000000077a37aa90,0x000000077b500000)
Event: 4407,906 GC heap after
Heap after GC invocations=260 (full 246):
 PSYoungGen      total 428032K, used 232593K [0x00000007d6c80000, 0x00000007ff500000, 0x0000000800000000)
  eden space 214528K, 99% used [0x00000007d6c80000,0x00000007e3dffff0,0x00000007e3e00000)
  from space 213504K, 8% used [0x00000007f2480000,0x00000007f36244d0,0x00000007ff500000)
  to   space 224768K, 0% used [0x00000007e3e00000,0x00000007e3e00000,0x00000007f1980000)
 ParOldGen       total 1350144K, used 1350116K [0x0000000784600000, 0x00000007d6c80000, 0x00000007d6c80000)
  object space 1350144K, 99% used [0x0000000784600000,0x00000007d6c79148,0x00000007d6c80000)
 PSPermGen       total 21504K, used 3562K [0x000000077a000000, 0x000000077b500000, 0x0000000784600000)
  object space 21504K, 16% used [0x000000077a000000,0x000000077a37aa90,0x000000077b500000)
}
Event: 4407,906 GC heap before
{Heap before GC invocations=261 (full 247):
 PSYoungGen      total 428032K, used 232593K [0x00000007d6c80000, 0x00000007ff500000, 0x0000000800000000)
  eden space 214528K, 99% used [0x00000007d6c80000,0x00000007e3dffff0,0x00000007e3e00000)
  from space 213504K, 8% used [0x00000007f2480000,0x00000007f36244d0,0x00000007ff500000)
  to   space 224768K, 0% used [0x00000007e3e00000,0x00000007e3e00000,0x00000007f1980000)
 ParOldGen       total 1350144K, used 1350117K [0x0000000784600000, 0x00000007d6c80000, 0x00000007d6c80000)
  object space 1350144K, 99% used [0x0000000784600000,0x00000007d6c79748,0x00000007d6c80000)
 PSPermGen       total 21504K, used 3562K [0x000000077a000000, 0x000000077b500000, 0x0000000784600000)
  object space 21504K, 16% used [0x000000077a000000,0x000000077a37aa90,0x000000077b500000)
Event: 4414,382 GC heap after
Heap after GC invocations=261 (full 247):
 PSYoungGen      total 428032K, used 232593K [0x00000007d6c80000, 0x00000007ff500000, 0x0000000800000000)
  eden space 214528K, 99% used [0x00000007d6c80000,0x00000007e3dffff0,0x00000007e3e00000)
  from space 213504K, 8% used [0x00000007f2480000,0x00000007f36244d0,0x00000007ff500000)
  to   space 224768K, 0% used [0x00000007e3e00000,0x00000007e3e00000,0x00000007f1980000)
 ParOldGen       total 1350144K, used 1350117K [0x0000000784600000, 0x00000007d6c80000, 0x00000007d6c80000)
  object space 1350144K, 99% used [0x0000000784600000,0x00000007d6c79748,0x00000007d6c80000)
 PSPermGen       total 21504K, used 3562K [0x000000077a000000, 0x000000077b500000, 0x0000000784600000)
  object space 21504K, 16% used [0x000000077a000000,0x000000077a37aa90,0x000000077b500000)
}
Event: 4414,382 GC heap before
{Heap before GC invocations=262 (full 248):
 PSYoungGen      total 428032K, used 232593K [0x00000007d6c80000, 0x00000007ff500000, 0x0000000800000000)
  eden space 214528K, 100% used [0x00000007d6c80000,0x00000007e3e00000,0x00000007e3e00000)
  from space 213504K, 8% used [0x00000007f2480000,0x00000007f36244d0,0x00000007ff500000)
  to   space 224768K, 0% used [0x00000007e3e00000,0x00000007e3e00000,0x00000007f1980000)
 ParOldGen       total 1350144K, used 1350119K [0x0000000784600000, 0x00000007d6c80000, 0x00000007d6c80000)
  object space 1350144K, 99% used [0x0000000784600000,0x00000007d6c79d48,0x00000007d6c80000)
 PSPermGen       total 21504K, used 3562K [0x000000077a000000, 0x000000077b500000, 0x0000000784600000)
  object space 21504K, 16% used [0x000000077a000000,0x000000077a37aa90,0x000000077b500000)

Deoptimization events (0 events):
No events

Internal exceptions (10 events):
Event: 0,732 Thread 0x00007fc9f800a000 Threw 0x00000007d6cfb600 at /build/buildd/openjdk-7-7u71-2.5.3/build/openjdk/hotspot/src/share/vm/prims/jvm.cpp:1284
Event: 0,732 Thread 0x00007fc9f800a000 Threw 0x00000007d6cfb728 at /build/buildd/openjdk-7-7u71-2.5.3/build/openjdk/hotspot/src/share/vm/prims/jvm.cpp:1284
Event: 3,360 Thread 0x00007fc9f800a000 Threw 0x00000007d6d173c8 at /build/buildd/openjdk-7-7u71-2.5.3/build/openjdk/hotspot/src/share/vm/prims/jvm.cpp:1284
Event: 3,365 Thread 0x00007fc9f800a000 Threw 0x00000007d6d1a970 at /build/buildd/openjdk-7-7u71-2.5.3/build/openjdk/hotspot/src/share/vm/prims/jvm.cpp:1284
Event: 3,366 Thread 0x00007fc9f800a000 Threw 0x00000007d6d1ecc0 at /build/buildd/openjdk-7-7u71-2.5.3/build/openjdk/hotspot/src/share/vm/prims/jvm.cpp:1284
Event: 3,367 Thread 0x00007fc9f800a000 Threw 0x00000007d6d215b0 at /build/buildd/openjdk-7-7u71-2.5.3/build/openjdk/hotspot/src/share/vm/prims/jvm.cpp:1284
Event: 3,370 Thread 0x00007fc9f800a000 Threw 0x00000007d6d24008 at /build/buildd/openjdk-7-7u71-2.5.3/build/openjdk/hotspot/src/share/vm/prims/jvm.cpp:1284
Event: 3,371 Thread 0x00007fc9f800a000 Threw 0x00000007d6d26c98 at /build/buildd/openjdk-7-7u71-2.5.3/build/openjdk/hotspot/src/share/vm/prims/jvm.cpp:1284
Event: 3,371 Thread 0x00007fc9f800a000 Threw 0x00000007d6d29140 at /build/buildd/openjdk-7-7u71-2.5.3/build/openjdk/hotspot/src/share/vm/prims/jvm.cpp:1284
Event: 3,382 Thread 0x00007fc9f800a000 Threw 0x00000007d6d2b628 at /build/buildd/openjdk-7-7u71-2.5.3/build/openjdk/hotspot/src/share/vm/prims/jvm.cpp:1284

Events (10 events):
Event: 4385,159 Executing VM operation: ParallelGCFailedAllocation
Event: 4392,803 Executing VM operation: ParallelGCFailedAllocation done
Event: 4392,804 Executing VM operation: ParallelGCFailedAllocation
Event: 4401,421 Executing VM operation: ParallelGCFailedAllocation done
Event: 4401,421 Executing VM operation: ParallelGCFailedAllocation
Event: 4407,906 Executing VM operation: ParallelGCFailedAllocation done
Event: 4407,906 Executing VM operation: ParallelGCFailedAllocation
Event: 4414,382 Executing VM operation: ParallelGCFailedAllocation done
Event: 4414,382 Executing VM operation: ParallelGCFailedAllocation
Event: 4414,382 loading class 0x00007fc9fca3a430


Dynamic libraries:
00400000-00401000 r-xp 00000000 08:05 2761857                            /usr/lib/jvm/java-7-openjdk-amd64/jre/bin/java
00600000-00601000 r--p 00000000 08:05 2761857                            /usr/lib/jvm/java-7-openjdk-amd64/jre/bin/java
00601000-00602000 rw-p 00001000 08:05 2761857                            /usr/lib/jvm/java-7-openjdk-amd64/jre/bin/java
01278000-01299000 rw-p 00000000 00:00 0                                  [heap]
77a000000-77b500000 rw-p 00000000 00:00 0 
77b500000-784600000 rw-p 00000000 00:00 0 
784600000-7d6c80000 rw-p 00000000 00:00 0 
7d6c80000-7ff500000 rw-p 00000000 00:00 0 
7ff500000-800000000 ---p 00000000 00:00 0 
7fc9c4000000-7fc9c4021000 rw-p 00000000 00:00 0 
7fc9c4021000-7fc9c8000000 ---p 00000000 00:00 0 
7fc9c8000000-7fc9c8021000 rw-p 00000000 00:00 0 
7fc9c8021000-7fc9cc000000 ---p 00000000 00:00 0 
7fc9cc000000-7fc9cc1ca000 rw-p 00000000 00:00 0 
7fc9cc1ca000-7fc9d0000000 ---p 00000000 00:00 0 
7fc9d0000000-7fc9d0037000 rw-p 00000000 00:00 0 
7fc9d0037000-7fc9d4000000 ---p 00000000 00:00 0 
7fc9d4000000-7fc9d4021000 rw-p 00000000 00:00 0 
7fc9d4021000-7fc9d8000000 ---p 00000000 00:00 0 
7fc9dbbfc000-7fc9dbbfd000 ---p 00000000 00:00 0 
7fc9dbbfd000-7fc9dbcfd000 rw-p 00000000 00:00 0                          [stack:4051]
7fc9dbcfd000-7fc9dbd00000 ---p 00000000 00:00 0 
7fc9dbd00000-7fc9dbdfe000 rw-p 00000000 00:00 0                          [stack:4050]
7fc9dbdfe000-7fc9dbe01000 ---p 00000000 00:00 0 
7fc9dbe01000-7fc9dbeff000 rw-p 00000000 00:00 0                          [stack:4049]
7fc9dbeff000-7fc9dbf02000 ---p 00000000 00:00 0 
7fc9dbf02000-7fc9dc000000 rw-p 00000000 00:00 0                          [stack:4048]
7fc9dc000000-7fc9dc021000 rw-p 00000000 00:00 0 
7fc9dc021000-7fc9e0000000 ---p 00000000 00:00 0 
7fc9e0000000-7fc9e0021000 rw-p 00000000 00:00 0 
7fc9e0021000-7fc9e4000000 ---p 00000000 00:00 0 
7fc9e4000000-7fc9e4021000 rw-p 00000000 00:00 0 
7fc9e4021000-7fc9e8000000 ---p 00000000 00:00 0 
7fc9e8000000-7fc9e8021000 rw-p 00000000 00:00 0 
7fc9e8021000-7fc9ec000000 ---p 00000000 00:00 0 
7fc9ec000000-7fc9ec021000 rw-p 00000000 00:00 0 
7fc9ec021000-7fc9f0000000 ---p 00000000 00:00 0 
7fc9f0017000-7fc9f001a000 ---p 00000000 00:00 0 
7fc9f001a000-7fc9f0118000 rw-p 00000000 00:00 0                          [stack:4047]
7fc9f0118000-7fc9f07fb000 r--p 00000000 08:05 2760621                    /usr/lib/locale/locale-archive
7fc9f07fb000-7fc9f07fe000 ---p 00000000 00:00 0 
7fc9f07fe000-7fc9f08fc000 rw-p 00000000 00:00 0                          [stack:4046]
7fc9f08fc000-7fc9f08ff000 ---p 00000000 00:00 0 
7fc9f08ff000-7fc9f09fd000 rw-p 00000000 00:00 0                          [stack:4045]
7fc9f09fd000-7fc9f09fe000 ---p 00000000 00:00 0 
7fc9f09fe000-7fc9f5000000 rw-p 00000000 00:00 0                          [stack:4044]
7fc9f5000000-7fc9f5270000 rwxp 00000000 00:00 0 
7fc9f5270000-7fc9f813a000 rw-p 00000000 00:00 0 
7fc9f813a000-7fc9fc000000 ---p 00000000 00:00 0 
7fc9fc00e000-7fc9fc7c1000 rw-p 00000000 00:00 0 
7fc9fc7c1000-7fc9fc972000 r--s 01d25000 08:05 2761676                    /usr/lib/jvm/java-7-openjdk-amd64/jre/lib/rt.jar
7fc9fc972000-7fc9fcec5000 rw-p 00000000 00:00 0 
7fc9fcec5000-7fc9fcec6000 ---p 00000000 00:00 0 
7fc9fcec6000-7fc9fcfc6000 rw-p 00000000 00:00 0                          [stack:4042]
7fc9fcfc6000-7fc9fcfc7000 ---p 00000000 00:00 0 
7fc9fcfc7000-7fc9fd0d2000 rw-p 00000000 00:00 0                          [stack:4041]
7fc9fd0d2000-7fc9fd11a000 rw-p 00000000 00:00 0 
7fc9fd11a000-7fc9fd3ae000 rw-p 00000000 00:00 0 
7fc9fd3ae000-7fc9fd3b9000 rw-p 00000000 00:00 0 
7fc9fd3b9000-7fc9fd401000 rw-p 00000000 00:00 0 
7fc9fd401000-7fc9fd694000 rw-p 00000000 00:00 0 
7fc9fd694000-7fc9fd7d9000 rw-p 00000000 00:00 0 
7fc9fd7d9000-7fc9fd7de000 ---p 00000000 00:00 0 
7fc9fd7de000-7fc9fd7df000 rw-p 00000000 00:00 0 
7fc9fd7df000-7fc9fd7e7000 r-xp 00000000 08:05 2761566                    /usr/lib/jvm/java-7-openjdk-amd64/jre/lib/amd64/libzip.so
7fc9fd7e7000-7fc9fd9e6000 ---p 00008000 08:05 2761566                    /usr/lib/jvm/java-7-openjdk-amd64/jre/lib/amd64/libzip.so
7fc9fd9e6000-7fc9fd9e7000 r--p 00007000 08:05 2761566                    /usr/lib/jvm/java-7-openjdk-amd64/jre/lib/amd64/libzip.so
7fc9fd9e7000-7fc9fd9e8000 rw-p 00008000 08:05 2761566                    /usr/lib/jvm/java-7-openjdk-amd64/jre/lib/amd64/libzip.so
7fc9fd9e8000-7fc9fd9f3000 r-xp 00000000 08:05 1190404                    /lib/x86_64-linux-gnu/libnss_files-2.19.so
7fc9fd9f3000-7fc9fdbf2000 ---p 0000b000 08:05 1190404                    /lib/x86_64-linux-gnu/libnss_files-2.19.so
7fc9fdbf2000-7fc9fdbf3000 r--p 0000a000 08:05 1190404                    /lib/x86_64-linux-gnu/libnss_files-2.19.so
7fc9fdbf3000-7fc9fdbf4000 rw-p 0000b000 08:05 1190404                    /lib/x86_64-linux-gnu/libnss_files-2.19.so
7fc9fdbf4000-7fc9fdbff000 r-xp 00000000 08:05 1190411                    /lib/x86_64-linux-gnu/libnss_nis-2.19.so
7fc9fdbff000-7fc9fddfe000 ---p 0000b000 08:05 1190411                    /lib/x86_64-linux-gnu/libnss_nis-2.19.so
7fc9fddfe000-7fc9fddff000 r--p 0000a000 08:05 1190411                    /lib/x86_64-linux-gnu/libnss_nis-2.19.so
7fc9fddff000-7fc9fde00000 rw-p 0000b000 08:05 1190411                    /lib/x86_64-linux-gnu/libnss_nis-2.19.so
7fc9fde00000-7fc9fde17000 r-xp 00000000 08:05 1190397                    /lib/x86_64-linux-gnu/libnsl-2.19.so
7fc9fde17000-7fc9fe016000 ---p 00017000 08:05 1190397                    /lib/x86_64-linux-gnu/libnsl-2.19.so
7fc9fe016000-7fc9fe017000 r--p 00016000 08:05 1190397                    /lib/x86_64-linux-gnu/libnsl-2.19.so
7fc9fe017000-7fc9fe018000 rw-p 00017000 08:05 1190397                    /lib/x86_64-linux-gnu/libnsl-2.19.so
7fc9fe018000-7fc9fe01a000 rw-p 00000000 00:00 0 
7fc9fe01a000-7fc9fe023000 r-xp 00000000 08:05 1190408                    /lib/x86_64-linux-gnu/libnss_compat-2.19.so
7fc9fe023000-7fc9fe222000 ---p 00009000 08:05 1190408                    /lib/x86_64-linux-gnu/libnss_compat-2.19.so
7fc9fe222000-7fc9fe223000 r--p 00008000 08:05 1190408                    /lib/x86_64-linux-gnu/libnss_compat-2.19.so
7fc9fe223000-7fc9fe224000 rw-p 00009000 08:05 1190408                    /lib/x86_64-linux-gnu/libnss_compat-2.19.so
7fc9fe224000-7fc9fe24f000 r-xp 00000000 08:05 2761573                    /usr/lib/jvm/java-7-openjdk-amd64/jre/lib/amd64/libjava.so
7fc9fe24f000-7fc9fe44e000 ---p 0002b000 08:05 2761573                    /usr/lib/jvm/java-7-openjdk-amd64/jre/lib/amd64/libjava.so
7fc9fe44e000-7fc9fe44f000 r--p 0002a000 08:05 2761573                    /usr/lib/jvm/java-7-openjdk-amd64/jre/lib/amd64/libjava.so
7fc9fe44f000-7fc9fe451000 rw-p 0002b000 08:05 2761573                    /usr/lib/jvm/java-7-openjdk-amd64/jre/lib/amd64/libjava.so
7fc9fe451000-7fc9fe461000 r-xp 00000000 08:05 2761589                    /usr/lib/jvm/java-7-openjdk-amd64/jre/lib/amd64/libverify.so
7fc9fe461000-7fc9fe660000 ---p 00010000 08:05 2761589                    /usr/lib/jvm/java-7-openjdk-amd64/jre/lib/amd64/libverify.so
7fc9fe660000-7fc9fe662000 r--p 0000f000 08:05 2761589                    /usr/lib/jvm/java-7-openjdk-amd64/jre/lib/amd64/libverify.so
7fc9fe662000-7fc9fe663000 rw-p 00011000 08:05 2761589                    /usr/lib/jvm/java-7-openjdk-amd64/jre/lib/amd64/libverify.so
7fc9fe663000-7fc9fe66a000 r-xp 00000000 08:05 1190414                    /lib/x86_64-linux-gnu/librt-2.19.so
7fc9fe66a000-7fc9fe869000 ---p 00007000 08:05 1190414                    /lib/x86_64-linux-gnu/librt-2.19.so
7fc9fe869000-7fc9fe86a000 r--p 00006000 08:05 1190414                    /lib/x86_64-linux-gnu/librt-2.19.so
7fc9fe86a000-7fc9fe86b000 rw-p 00007000 08:05 1190414                    /lib/x86_64-linux-gnu/librt-2.19.so
7fc9fe86b000-7fc9fe881000 r-xp 00000000 08:05 1183723                    /lib/x86_64-linux-gnu/libgcc_s.so.1
7fc9fe881000-7fc9fea80000 ---p 00016000 08:05 1183723                    /lib/x86_64-linux-gnu/libgcc_s.so.1
7fc9fea80000-7fc9fea81000 rw-p 00015000 08:05 1183723                    /lib/x86_64-linux-gnu/libgcc_s.so.1
7fc9fea81000-7fc9feb86000 r-xp 00000000 08:05 1190396                    /lib/x86_64-linux-gnu/libm-2.19.so
7fc9feb86000-7fc9fed85000 ---p 00105000 08:05 1190396                    /lib/x86_64-linux-gnu/libm-2.19.so
7fc9fed85000-7fc9fed86000 r--p 00104000 08:05 1190396                    /lib/x86_64-linux-gnu/libm-2.19.so
7fc9fed86000-7fc9fed87000 rw-p 00105000 08:05 1190396                    /lib/x86_64-linux-gnu/libm-2.19.so
7fc9fed87000-7fc9fee6d000 r-xp 00000000 08:05 2762703                    /usr/lib/x86_64-linux-gnu/libstdc++.so.6.0.19
7fc9fee6d000-7fc9ff06c000 ---p 000e6000 08:05 2762703                    /usr/lib/x86_64-linux-gnu/libstdc++.so.6.0.19
7fc9ff06c000-7fc9ff074000 r--p 000e5000 08:05 2762703                    /usr/lib/x86_64-linux-gnu/libstdc++.so.6.0.19
7fc9ff074000-7fc9ff076000 rw-p 000ed000 08:05 2762703                    /usr/lib/x86_64-linux-gnu/libstdc++.so.6.0.19
7fc9ff076000-7fc9ff08b000 rw-p 00000000 00:00 0 
7fc9ff08b000-7fc9ffba1000 r-xp 00000000 08:05 2761596                    /usr/lib/jvm/java-7-openjdk-amd64/jre/lib/amd64/server/libjvm.so
7fc9ffba1000-7fc9ffda0000 ---p 00b16000 08:05 2761596                    /usr/lib/jvm/java-7-openjdk-amd64/jre/lib/amd64/server/libjvm.so
7fc9ffda0000-7fc9ffe3a000 r--p 00b15000 08:05 2761596                    /usr/lib/jvm/java-7-openjdk-amd64/jre/lib/amd64/server/libjvm.so
7fc9ffe3a000-7fc9ffe5d000 rw-p 00baf000 08:05 2761596                    /usr/lib/jvm/java-7-openjdk-amd64/jre/lib/amd64/server/libjvm.so
7fc9ffe5d000-7fc9ffe8b000 rw-p 00000000 00:00 0 
7fc9ffe8b000-7fc9ffea3000 r-xp 00000000 08:05 1183909                    /lib/x86_64-linux-gnu/libz.so.1.2.8
7fc9ffea3000-7fca000a2000 ---p 00018000 08:05 1183909                    /lib/x86_64-linux-gnu/libz.so.1.2.8
7fca000a2000-7fca000a3000 r--p 00017000 08:05 1183909                    /lib/x86_64-linux-gnu/libz.so.1.2.8
7fca000a3000-7fca000a4000 rw-p 00018000 08:05 1183909                    /lib/x86_64-linux-gnu/libz.so.1.2.8
7fca000a4000-7fca000bd000 r-xp 00000000 08:05 1190401                    /lib/x86_64-linux-gnu/libpthread-2.19.so
7fca000bd000-7fca002bc000 ---p 00019000 08:05 1190401                    /lib/x86_64-linux-gnu/libpthread-2.19.so
7fca002bc000-7fca002bd000 r--p 00018000 08:05 1190401                    /lib/x86_64-linux-gnu/libpthread-2.19.so
7fca002bd000-7fca002be000 rw-p 00019000 08:05 1190401                    /lib/x86_64-linux-gnu/libpthread-2.19.so
7fca002be000-7fca002c2000 rw-p 00000000 00:00 0 
7fca002c2000-7fca002c5000 r-xp 00000000 08:05 1190406                    /lib/x86_64-linux-gnu/libdl-2.19.so
7fca002c5000-7fca004c4000 ---p 00003000 08:05 1190406                    /lib/x86_64-linux-gnu/libdl-2.19.so
7fca004c4000-7fca004c5000 r--p 00002000 08:05 1190406                    /lib/x86_64-linux-gnu/libdl-2.19.so
7fca004c5000-7fca004c6000 rw-p 00003000 08:05 1190406                    /lib/x86_64-linux-gnu/libdl-2.19.so
7fca004c6000-7fca00681000 r-xp 00000000 08:05 1190412                    /lib/x86_64-linux-gnu/libc-2.19.so
7fca00681000-7fca00881000 ---p 001bb000 08:05 1190412                    /lib/x86_64-linux-gnu/libc-2.19.so
7fca00881000-7fca00885000 r--p 001bb000 08:05 1190412                    /lib/x86_64-linux-gnu/libc-2.19.so
7fca00885000-7fca00887000 rw-p 001bf000 08:05 1190412                    /lib/x86_64-linux-gnu/libc-2.19.so
7fca00887000-7fca0088c000 rw-p 00000000 00:00 0 
7fca0088c000-7fca00899000 r-xp 00000000 08:05 2761571                    /usr/lib/jvm/java-7-openjdk-amd64/jre/lib/amd64/jli/libjli.so
7fca00899000-7fca00a98000 ---p 0000d000 08:05 2761571                    /usr/lib/jvm/java-7-openjdk-amd64/jre/lib/amd64/jli/libjli.so
7fca00a98000-7fca00a99000 r--p 0000c000 08:05 2761571                    /usr/lib/jvm/java-7-openjdk-amd64/jre/lib/amd64/jli/libjli.so
7fca00a99000-7fca00a9a000 rw-p 0000d000 08:05 2761571                    /usr/lib/jvm/java-7-openjdk-amd64/jre/lib/amd64/jli/libjli.so
7fca00a9a000-7fca00abd000 r-xp 00000000 08:05 1190409                    /lib/x86_64-linux-gnu/ld-2.19.so
7fca00ad3000-7fca00ad7000 r--s 00034000 08:05 2761674                    /usr/lib/jvm/java-7-openjdk-amd64/jre/lib/ext/sunjce_provider.jar
7fca00ad7000-7fca00ae1000 rw-p 00000000 00:00 0 
7fca00ae1000-7fca00b97000 rw-p 00000000 00:00 0 
7fca00b97000-7fca00b9a000 ---p 00000000 00:00 0 
7fca00b9a000-7fca00c9d000 rw-p 00000000 00:00 0                          [stack:4039]
7fca00ca0000-7fca00ca2000 r--s 00012000 08:05 2761671                    /usr/lib/jvm/java-7-openjdk-amd64/jre/lib/ext/zipfs.jar
7fca00ca2000-7fca00ca4000 r--s 00006000 08:05 3149789                    /usr/share/java/java-atk-wrapper.jar
7fca00ca4000-7fca00ca7000 r--s 0000f000 08:05 2761670                    /usr/lib/jvm/java-7-openjdk-amd64/jre/lib/ext/icedtea-sound.jar
7fca00ca7000-7fca00cab000 r--s 0003c000 08:05 2761672                    /usr/lib/jvm/java-7-openjdk-amd64/jre/lib/ext/sunpkcs11.jar
7fca00cab000-7fca00caf000 r--s 00085000 08:05 2761673                    /usr/lib/jvm/java-7-openjdk-amd64/jre/lib/ext/localedata.jar
7fca00caf000-7fca00cb0000 r--s 00002000 08:05 2761675                    /usr/lib/jvm/java-7-openjdk-amd64/jre/lib/ext/dnsns.jar
7fca00cb0000-7fca00cb8000 rw-s 00000000 08:05 795096                     /tmp/hsperfdata_hagard/4034
7fca00cb8000-7fca00cb9000 rw-p 00000000 00:00 0 
7fca00cb9000-7fca00cba000 ---p 00000000 00:00 0 
7fca00cba000-7fca00cbc000 rw-p 00000000 00:00 0 
7fca00cbc000-7fca00cbd000 r--p 00022000 08:05 1190409                    /lib/x86_64-linux-gnu/ld-2.19.so
7fca00cbd000-7fca00cbe000 rw-p 00023000 08:05 1190409                    /lib/x86_64-linux-gnu/ld-2.19.so
7fca00cbe000-7fca00cbf000 rw-p 00000000 00:00 0 
7fff235a6000-7fff235c7000 rw-p 00000000 00:00 0                          [stack]
7fff235fe000-7fff23600000 r-xp 00000000 00:00 0                          [vdso]
ffffffffff600000-ffffffffff601000 r-xp 00000000 00:00 0                  [vsyscall]

VM Arguments:
jvm_args: -Dfile.encoding=UTF-8 
java_command: jeu.PartieDeCartes
Launcher Type: SUN_STANDARD

Environment Variables:
PATH=/usr/local/sbin:/usr/local/bin:/usr/sbin:/usr/bin:/sbin:/bin:/usr/games:/usr/local/games
SHELL=/bin/bash
DISPLAY=:0.0

Signal Handlers:
SIGSEGV: [libjvm.so+0x9495e0], sa_mask[0]=0x7ffbfeff, sa_flags=0x10000004
SIGBUS: [libjvm.so+0x9495e0], sa_mask[0]=0x7ffbfeff, sa_flags=0x10000004
SIGFPE: [libjvm.so+0x7c3410], sa_mask[0]=0x7ffbfeff, sa_flags=0x10000004
SIGPIPE: [libjvm.so+0x7c3410], sa_mask[0]=0x7ffbfeff, sa_flags=0x10000004
SIGXFSZ: [libjvm.so+0x7c3410], sa_mask[0]=0x7ffbfeff, sa_flags=0x10000004
SIGILL: [libjvm.so+0x7c3410], sa_mask[0]=0x7ffbfeff, sa_flags=0x10000004
SIGUSR1: SIG_DFL, sa_mask[0]=0x00000000, sa_flags=0x00000000
SIGUSR2: [libjvm.so+0x7c32b0], sa_mask[0]=0x00000004, sa_flags=0x10000004
SIGHUP: [libjvm.so+0x7c3490], sa_mask[0]=0x7ffbfeff, sa_flags=0x10000004
SIGINT: [libjvm.so+0x7c3490], sa_mask[0]=0x7ffbfeff, sa_flags=0x10000004
SIGTERM: [libjvm.so+0x7c3490], sa_mask[0]=0x7ffbfeff, sa_flags=0x10000004
SIGQUIT: [libjvm.so+0x7c3490], sa_mask[0]=0x7ffbfeff, sa_flags=0x10000004
SIGTRAP: SIG_DFL, sa_mask[0]=0x00000000, sa_flags=0x00000000


---------------  S Y S T E M  ---------------

OS:Ubuntu 14.04 (trusty)
uname:Linux 3.13.0-39-generic #66-Ubuntu SMP Tue Oct 28 13:30:27 UTC 2014 x86_64
libc:glibc 2.19 NPTL 2.19 
rlimit: STACK 8192k, CORE 0k, NPROC 63080, NOFILE 4096, AS infinity
load average:3,04 3,29 3,71

/proc/meminfo:
MemTotal:        8095896 kB
MemFree:         4157412 kB
Buffers:           31588 kB
Cached:           702340 kB
SwapCached:            0 kB
Active:          3207548 kB
Inactive:         538708 kB
Active(anon):    3014576 kB
Inactive(anon):   279308 kB
Active(file):     192972 kB
Inactive(file):   259400 kB
Unevictable:           0 kB
Mlocked:               0 kB
SwapTotal:             0 kB
SwapFree:              0 kB
Dirty:               352 kB
Writeback:             0 kB
AnonPages:       3012328 kB
Mapped:           245504 kB
Shmem:            281556 kB
Slab:              70444 kB
SReclaimable:      40932 kB
SUnreclaim:        29512 kB
KernelStack:        3536 kB
PageTables:        35244 kB
NFS_Unstable:          0 kB
Bounce:                0 kB
WritebackTmp:          0 kB
CommitLimit:     4047948 kB
Committed_AS:    6206544 kB
VmallocTotal:   34359738367 kB
VmallocUsed:      355312 kB
VmallocChunk:   34359373500 kB
HardwareCorrupted:     0 kB
AnonHugePages:   2254848 kB
HugePages_Total:       0
HugePages_Free:        0
HugePages_Rsvd:        0
HugePages_Surp:        0
Hugepagesize:       2048 kB
DirectMap4k:       74488 kB
DirectMap2M:     2990080 kB
DirectMap1G:     5242880 kB


CPU:total 2 (2 cores per cpu, 1 threads per core) family 6 model 60 stepping 3, cmov, cx8, fxsr, mmx, sse, sse2, sse3, ssse3, sse4.1, sse4.2, popcnt, erms, tsc, tscinvbit

/proc/cpuinfo:
processor	: 0
vendor_id	: GenuineIntel
cpu family	: 6
model		: 60
model name	: Intel(R) Pentium(R) CPU 3550M @ 2.30GHz
stepping	: 3
microcode	: 0x17
cpu MHz		: 2300.000
cache size	: 2048 KB
physical id	: 0
siblings	: 2
core id		: 0
cpu cores	: 2
apicid		: 0
initial apicid	: 0
fpu		: yes
fpu_exception	: yes
cpuid level	: 13
wp		: yes
flags		: fpu vme de pse tsc msr pae mce cx8 apic sep mtrr pge mca cmov pat pse36 clflush dts acpi mmx fxsr sse sse2 ss ht tm pbe syscall nx pdpe1gb rdtscp lm constant_tsc arch_perfmon pebs bts rep_good nopl xtopology nonstop_tsc aperfmperf eagerfpu pni pclmulqdq dtes64 monitor ds_cpl vmx est tm2 ssse3 cx16 xtpr pdcm pcid sse4_1 sse4_2 movbe popcnt tsc_deadline_timer xsave rdrand lahf_lm abm arat epb xsaveopt pln pts dtherm tpr_shadow vnmi flexpriority ept vpid fsgsbase tsc_adjust erms invpcid
bogomips	: 4589.10
clflush size	: 64
cache_alignment	: 64
address sizes	: 39 bits physical, 48 bits virtual
power management:

processor	: 1
vendor_id	: GenuineIntel
cpu family	: 6
model		: 60
model name	: Intel(R) Pentium(R) CPU 3550M @ 2.30GHz
stepping	: 3
microcode	: 0x17
cpu MHz		: 2300.000
cache size	: 2048 KB
physical id	: 0
siblings	: 2
core id		: 1
cpu cores	: 2
apicid		: 2
initial apicid	: 2
fpu		: yes
fpu_exception	: yes
cpuid level	: 13
wp		: yes
flags		: fpu vme de pse tsc msr pae mce cx8 apic sep mtrr pge mca cmov pat pse36 clflush dts acpi mmx fxsr sse sse2 ss ht tm pbe syscall nx pdpe1gb rdtscp lm constant_tsc arch_perfmon pebs bts rep_good nopl xtopology nonstop_tsc aperfmperf eagerfpu pni pclmulqdq dtes64 monitor ds_cpl vmx est tm2 ssse3 cx16 xtpr pdcm pcid sse4_1 sse4_2 movbe popcnt tsc_deadline_timer xsave rdrand lahf_lm abm arat epb xsaveopt pln pts dtherm tpr_shadow vnmi flexpriority ept vpid fsgsbase tsc_adjust erms invpcid
bogomips	: 4589.10
clflush size	: 64
cache_alignment	: 64
address sizes	: 39 bits physical, 48 bits virtual
power management:



Memory: 4k page, physical 8095896k(4157412k free), swap 0k(0k free)

vm_info: OpenJDK 64-Bit Server VM (24.65-b04) for linux-amd64 JRE (1.7.0_65-b32), built on Oct 22 2014 04:37:44 by "buildd" with gcc 4.8.2

time: Tue Dec  9 21:54:06 2014
elapsed time: 4419 seconds

